  -9.83209397907198                1   1.82207338015378     
  -9.70019525613347                2   1.02085214624748     
  -8.08464726813058                3   1.06595775086997     
  -8.01726160129274                4   1.23750957672457     
  -7.79223623698227                5  0.881066976425763     
  -7.78276557843594                6   1.84780280343009     
  -7.40648218293215                7   1.03885172135839     
  -7.39494405119021                8   1.06297957082908     
  -7.35205978686167                9  0.996065300025155     
  -7.34454844365408               10   1.10263118214625     
  -7.09243878334940               11   1.08115124686769     
  -7.01954188383623               12   1.04571418954458     
  -7.01057155826340               13   1.85712132869809     
  -6.94716805172199               14  0.986030325925365     
  -4.76671903144332               15   1.00482923268689     
  -4.67168809427667               16   1.04442385304014     
  -1.93834213880914               17  0.983809778544251     
  -1.90147794503182               18   1.86279063823936     
  -1.41512513331672               19  0.979558065317684     
  -1.39911548099812               20   1.06891170543369     
  -1.26288234529642               21   1.82835220314173     
  -1.25042869014089               22   1.02524359012972     
  -1.19561896943082               23   1.06402718650065     
  -1.17609896744977               24   1.23426100004440     
 -0.768427306368468               25  0.886469346403645     
 -0.711125917559633               26   1.84624493456368     
 -0.571167034688750               27   1.03776105242061     
 -0.535614038127901               28   1.06256217774369     
 -0.308116196969878               29  0.996803649314580     
 -0.219469256727182               30   1.10315179629884     
  7.738835838366728E-002          31   1.08063959515935     
  0.153034940935489               32   1.04573110023147     
  0.620105415619780               33   1.85674882487259     
  0.696371965279976               34  0.985967844269472     
  0.816570896501655               35   1.00337256926543     
  0.957245154646129               36   1.04399524558104     
   1.17593029864110               37  0.984209026752530     
   1.26534011454332               38   1.86451854638077     
   1.29266080368294               39  0.970775597482962     
   1.46147652304346               40   1.07021731279542     
   1.89417469330704               41   1.89835897902978     
   1.97001547843005               42   1.08841247935333     
   2.10910361816820               43   1.02107188878346     
   2.41224239127004               44   1.18264616939582     
   2.50206239505176               45  0.906234699205202     
   2.98518239495115               46   1.86995759989209     
   3.20816471726084               47   1.03716973649545     
   3.44911719484648               48   1.00836340825857     
   6.28263886592925               49   1.00093353186936     
   6.56817938009049               50   1.09193924410670     
   7.04187172894328               51   1.07712527585644     
   7.48028567531683               52   1.02873161300068     
   7.60434648126035               53   1.84183185718659     
   7.95285889969358               54  0.947322168401386     
   8.10208856967465               55   1.04487158334572     
   8.23101926318608               56   1.01125992142139     
   8.50950552703628               57  0.994978614267507     
   8.65849662797728               58   1.93571977429885     
   8.79650884593298               59  0.941054719736875     
   8.85571304914635               60   1.08014859390657     
   8.94676527312956               61   1.89772565249680     
   8.97832759427162               62   1.09089247837469     
   9.11254077266883               63   1.01828529457836     
   9.19719069638434               64   1.18234301433020     
   9.61946000879928               65  0.903691537556622     
   9.71150207620080               66   1.86970554433906     
   9.89636525245731               67   1.03658988167304     
   10.0436313063665               68   1.00464337147645     
   10.2186381748423               69  0.998920212659707     
   10.3494712542357               70   1.09100203298559     
   10.4809442469954               71   1.07473864311316     
   10.6471487413087               72   1.02743604219911     
   10.8739094969821               73   1.84248118376909     
   10.9177628135064               74  0.945827208467487     
   11.0147644142252               75   1.04469173184924     
   11.1005191999241               76   1.01403809466316     
   11.6198613961491               77  0.996099555861441     
   11.7446634439036               78   1.93133232448777     
   11.8421933501955               79  0.947627378771092     
   11.8603210951359               80   1.09261358667528     
